<?xml version="1.0" encoding="UTF-8"?>
<!-- Generated by org.testng.reporters.JUnitReportReporter -->
<testsuite skipped="0" hostname="BRHDINTB0836" name="com.leandro.restassured.example.test.FirstTest" tests="1" failures="0" timestamp="01 jul 2019 21:00:58 GMT" time="2.306" errors="0">
  <testcase name="test1" time="2.306" classname="com.leandro.restassured.example.test.FirstTest"/>
</testsuite> <!-- com.leandro.restassured.example.test.FirstTest -->
